Using pre-set license
Built from '2020.3/staging' branch; Version is '2020.3.11f1 (99c7afb366b3) revision 10078127'; Using compiler version '192528614'; Build Type 'Release'
OS: 'Windows 10 Education; OS build 18362.356; Version 1903; 64bit' Language: 'pt' Physical Memory: 16271 MB
BatchMode: 1, IsHumanControllingUs: 0, StartBugReporterOnCrash: 0, Is64bit: 1, IsPro: 0

 COMMAND LINE ARGUMENTS:
C:\Program Files\Unity\Hub\Editor\2020.3.11f1\Editor\Unity.exe
-adb2
-batchMode
-noUpm
-name
AssetImportWorker0
-projectPath
C:/Users/Aluno/Desktop/ProjetoFinal3D
-logFile
Logs/AssetImportWorker0.log
-srvPort
51637
Successfully changed project path to: C:/Users/Aluno/Desktop/ProjetoFinal3D
C:/Users/Aluno/Desktop/ProjetoFinal3D
Using Asset Import Pipeline V2.
Refreshing native plugins compatible for Editor in 28.94 ms, found 2 plugins.
Preloading 0 native plugins for Editor in 0.00 ms.
Initialize engine version: 2020.3.11f1 (99c7afb366b3)
[Subsystems] Discovering subsystems at path C:/Program Files/Unity/Hub/Editor/2020.3.11f1/Editor/Data/Resources/UnitySubsystems
[Subsystems] Discovering subsystems at path C:/Users/Aluno/Desktop/ProjetoFinal3D/Assets
GfxDevice: creating device client; threaded=0
Direct3D:
    Version:  Direct3D 11.0 [level 11.1]
    Renderer: Intel(R) HD Graphics 630 (ID=0x5912)
    Vendor:   
    VRAM:     8135 MB
    Driver:   25.20.100.6374
Initialize mono
Mono path[0] = 'C:/Program Files/Unity/Hub/Editor/2020.3.11f1/Editor/Data/Managed'
Mono path[1] = 'C:/Program Files/Unity/Hub/Editor/2020.3.11f1/Editor/Data/MonoBleedingEdge/lib/mono/unityjit'
Mono config path = 'C:/Program Files/Unity/Hub/Editor/2020.3.11f1/Editor/Data/MonoBleedingEdge/etc'
Using monoOptions --debugger-agent=transport=dt_socket,embedding=1,server=y,suspend=n,address=127.0.0.1:56840
Begin MonoManager ReloadAssembly
Registering precompiled unity dll's ...
Register platform support module: C:/Program Files/Unity/Hub/Editor/2020.3.11f1/Editor/Data/PlaybackEngines/WindowsStandaloneSupport/UnityEditor.WindowsStandalone.Extensions.dll
Registered in 0.001451 seconds.
Native extension for WindowsStandalone target not found
Refreshing native plugins compatible for Editor in 26.88 ms, found 2 plugins.
Preloading 0 native plugins for Editor in 0.00 ms.
Mono: successfully reloaded assembly
- Completed reload, in  1.897 seconds
Platform modules already initialized, skipping
Registering precompiled user dll's ...
Registered in 0.003675 seconds.
Begin MonoManager ReloadAssembly
Native extension for WindowsStandalone target not found
Refreshing native plugins compatible for Editor in 0.29 ms, found 2 plugins.
Preloading 0 native plugins for Editor in 0.00 ms.
Mono: successfully reloaded assembly
- Completed reload, in  0.834 seconds
Platform modules already initialized, skipping
========================================================================
Worker process is ready to serve import requests
Launched and connected shader compiler UnityShaderCompiler.exe after 0.03 seconds
Refreshing native plugins compatible for Editor in 0.29 ms, found 2 plugins.
Preloading 0 native plugins for Editor in 0.00 ms.
Unloading 1391 Unused Serialized files (Serialized files now loaded: 0)
System memory in use before: 66.0 MB.
System memory in use after: 66.1 MB.

Unloading 19 unused Assets to reduce memory usage. Loaded Objects now: 1824.
Total: 1.792500 ms (FindLiveObjects: 0.129100 ms CreateObjectMapping: 0.032900 ms MarkObjects: 1.526400 ms  DeleteObjects: 0.103600 ms)

========================================================================
Received Import Request.
  path: Assets/Sci-Fi Styled Modular Pack
  artifactKey: Guid(3a092a7360459344990eac6f411c1216) Importer(815301076,1909f56bfc062723c751e8b465ee728b)
Start importing Assets/Sci-Fi Styled Modular Pack using Guid(3a092a7360459344990eac6f411c1216) Importer(815301076,1909f56bfc062723c751e8b465ee728b)  -> (artifact id: 'ee070ba31f7d4817d4dacfe34ca72cc7') in 0.004239 seconds
  Import took 0.006313 seconds .

========================================================================
Received Import Request.
  Time since last request: 0.109118 seconds.
  path: Assets/Sci-Fi Styled Modular Pack/Textures
  artifactKey: Guid(9735f9194d790554c84c2e1e6cb94d83) Importer(815301076,1909f56bfc062723c751e8b465ee728b)
Start importing Assets/Sci-Fi Styled Modular Pack/Textures using Guid(9735f9194d790554c84c2e1e6cb94d83) Importer(815301076,1909f56bfc062723c751e8b465ee728b)  -> (artifact id: '4584f4ae9b9d2358b10703502b9e18b0') in 0.003353 seconds
  Import took 0.005923 seconds .

========================================================================
Received Import Request.
  Time since last request: 0.000630 seconds.
  path: Assets/Sci-Fi Styled Modular Pack/Textures
  artifactKey: Guid(9735f9194d790554c84c2e1e6cb94d83) Importer(815301076,1909f56bfc062723c751e8b465ee728b)
Start importing Assets/Sci-Fi Styled Modular Pack/Textures using Guid(9735f9194d790554c84c2e1e6cb94d83) Importer(815301076,1909f56bfc062723c751e8b465ee728b)  -> (artifact id: '4584f4ae9b9d2358b10703502b9e18b0') in 0.002835 seconds
  Import took 0.006152 seconds .

========================================================================
Received Import Request.
  Time since last request: 0.066615 seconds.
  path: Assets/Sci-Fi Styled Modular Pack/Textures/base-color-normal.png
  artifactKey: Guid(ff91cef54bb04124b899f12176bee5d1) Importer(815301076,1909f56bfc062723c751e8b465ee728b)
Start importing Assets/Sci-Fi Styled Modular Pack/Textures/base-color-normal.png using Guid(ff91cef54bb04124b899f12176bee5d1) Importer(815301076,1909f56bfc062723c751e8b465ee728b)  -> (artifact id: 'da2191b7f3a53a35c8905cd80115c6c1') in 0.074953 seconds
  Import took 0.077799 seconds .

========================================================================
Received Import Request.
  Time since last request: 0.000259 seconds.
  path: Assets/Sci-Fi Styled Modular Pack/Textures/base-color.png
  artifactKey: Guid(dfcd4dcb2145c6d4f9da3e7654d22d9e) Importer(815301076,1909f56bfc062723c751e8b465ee728b)
Start importing Assets/Sci-Fi Styled Modular Pack/Textures/base-color.png using Guid(dfcd4dcb2145c6d4f9da3e7654d22d9e) Importer(815301076,1909f56bfc062723c751e8b465ee728b)  -> (artifact id: 'ce805fca71880e8a42145161c102a298') in 0.008462 seconds
  Import took 0.010979 seconds .

========================================================================
Received Import Request.
  Time since last request: 0.000254 seconds.
  path: Assets/Sci-Fi Styled Modular Pack/Textures/black-color.png
  artifactKey: Guid(d35a86981ce0835469c36ee0215785b3) Importer(815301076,1909f56bfc062723c751e8b465ee728b)
Start importing Assets/Sci-Fi Styled Modular Pack/Textures/black-color.png using Guid(d35a86981ce0835469c36ee0215785b3) Importer(815301076,1909f56bfc062723c751e8b465ee728b)  -> (artifact id: '15f4dd835a3e4b8086276cae25369a48') in 0.009567 seconds
  Import took 0.013518 seconds .

========================================================================
Received Import Request.
  Time since last request: 0.000311 seconds.
  path: Assets/Sci-Fi Styled Modular Pack/Textures/blood-color.png
  artifactKey: Guid(a08b90f188f43c9429b6b84b6e2d696c) Importer(815301076,1909f56bfc062723c751e8b465ee728b)
Start importing Assets/Sci-Fi Styled Modular Pack/Textures/blood-color.png using Guid(a08b90f188f43c9429b6b84b6e2d696c) Importer(815301076,1909f56bfc062723c751e8b465ee728b)  -> (artifact id: '416e4251611c7d2faff004b367be71da') in 0.007122 seconds
  Import took 0.010206 seconds .

========================================================================
Received Import Request.
  Time since last request: 0.000290 seconds.
  path: Assets/Sci-Fi Styled Modular Pack/Textures/dark-color.png
  artifactKey: Guid(d65ae29772ec4ab4b949103da54086be) Importer(815301076,1909f56bfc062723c751e8b465ee728b)
Start importing Assets/Sci-Fi Styled Modular Pack/Textures/dark-color.png using Guid(d65ae29772ec4ab4b949103da54086be) Importer(815301076,1909f56bfc062723c751e8b465ee728b)  -> (artifact id: 'f307b91e4b03d22b7bd578aed903bb65') in 0.024787 seconds
  Import took 0.027561 seconds .

========================================================================
Received Import Request.
  Time since last request: 0.000351 seconds.
  path: Assets/Sci-Fi Styled Modular Pack/Textures/coffee-color.png
  artifactKey: Guid(0444929aa8d1adf45a0fe7c3c3c8d205) Importer(815301076,1909f56bfc062723c751e8b465ee728b)
Start importing Assets/Sci-Fi Styled Modular Pack/Textures/coffee-color.png using Guid(0444929aa8d1adf45a0fe7c3c3c8d205) Importer(815301076,1909f56bfc062723c751e8b465ee728b)  -> (artifact id: 'c3c2270a9a21d59630314776f7611838') in 0.007152 seconds
  Import took 0.010288 seconds .

========================================================================
Received Import Request.
  Time since last request: 0.000374 seconds.
  path: Assets/Sci-Fi Styled Modular Pack/Textures/computer_wall_texture.png
  artifactKey: Guid(7b98260aedcf3b0438023520105fd422) Importer(815301076,1909f56bfc062723c751e8b465ee728b)
Start importing Assets/Sci-Fi Styled Modular Pack/Textures/computer_wall_texture.png using Guid(7b98260aedcf3b0438023520105fd422) Importer(815301076,1909f56bfc062723c751e8b465ee728b)  -> (artifact id: 'f83d87d5d587399f66041524c77510e6') in 0.011653 seconds
  Import took 0.014346 seconds .

========================================================================
Received Import Request.
  Time since last request: 0.000359 seconds.
  path: Assets/Sci-Fi Styled Modular Pack/Textures/green-color.png
  artifactKey: Guid(ba91a1c5cb9dd2a4d96a74f4a569b02b) Importer(815301076,1909f56bfc062723c751e8b465ee728b)
Start importing Assets/Sci-Fi Styled Modular Pack/Textures/green-color.png using Guid(ba91a1c5cb9dd2a4d96a74f4a569b02b) Importer(815301076,1909f56bfc062723c751e8b465ee728b)  -> (artifact id: '48df9e6dbd81f101967f81504d782960') in 0.007729 seconds
  Import took 0.010348 seconds .

========================================================================
Received Import Request.
  Time since last request: 0.000365 seconds.
  path: Assets/Sci-Fi Styled Modular Pack/Textures/bush.png
  artifactKey: Guid(e183aa09c01ee5b49b32b70535924240) Importer(815301076,1909f56bfc062723c751e8b465ee728b)
Start importing Assets/Sci-Fi Styled Modular Pack/Textures/bush.png using Guid(e183aa09c01ee5b49b32b70535924240) Importer(815301076,1909f56bfc062723c751e8b465ee728b)  -> (artifact id: 'c47ee0c64fd4a8c6cbd4ee34cf4d993b') in 0.008794 seconds
  Import took 0.011578 seconds .

========================================================================
Received Import Request.
  Time since last request: 0.000286 seconds.
  path: Assets/Sci-Fi Styled Modular Pack/Textures/blue-color.png
  artifactKey: Guid(a698da84decbb5f43881903177570fe2) Importer(815301076,1909f56bfc062723c751e8b465ee728b)
Start importing Assets/Sci-Fi Styled Modular Pack/Textures/blue-color.png using Guid(a698da84decbb5f43881903177570fe2) Importer(815301076,1909f56bfc062723c751e8b465ee728b)  -> (artifact id: 'c6a1c7712d4f055ab9c2726debb7945e') in 0.007314 seconds
  Import took 0.009904 seconds .

========================================================================
Received Import Request.
  Time since last request: 0.000434 seconds.
  path: Assets/Sci-Fi Styled Modular Pack/Textures/computer_wall_metalic.png
  artifactKey: Guid(1b0399fc6de3a0d44bbdc4362aa0e992) Importer(815301076,1909f56bfc062723c751e8b465ee728b)
Start importing Assets/Sci-Fi Styled Modular Pack/Textures/computer_wall_metalic.png using Guid(1b0399fc6de3a0d44bbdc4362aa0e992) Importer(815301076,1909f56bfc062723c751e8b465ee728b)  -> (artifact id: '515aa3c40cb3d0385accf7d5d7e68c5b') in 0.007985 seconds
  Import took 0.010859 seconds .

========================================================================
Received Import Request.
  Time since last request: 0.864290 seconds.
  path: Assets/Sci-Fi Styled Modular Pack/Textures/grey-color.png
  artifactKey: Guid(5293294e5c42df8419dcb5492d2d0744) Importer(815301076,1909f56bfc062723c751e8b465ee728b)
Start importing Assets/Sci-Fi Styled Modular Pack/Textures/grey-color.png using Guid(5293294e5c42df8419dcb5492d2d0744) Importer(815301076,1909f56bfc062723c751e8b465ee728b)  -> (artifact id: '422ffb492d40075476ca82b6b207b2b7') in 0.008752 seconds
  Import took 0.011194 seconds .

========================================================================
Received Import Request.
  Time since last request: 0.000235 seconds.
  path: Assets/Sci-Fi Styled Modular Pack/Textures/hologram texture.png
  artifactKey: Guid(298751e2d47c6fc4dabd5e865463c5f5) Importer(815301076,1909f56bfc062723c751e8b465ee728b)
Start importing Assets/Sci-Fi Styled Modular Pack/Textures/hologram texture.png using Guid(298751e2d47c6fc4dabd5e865463c5f5) Importer(815301076,1909f56bfc062723c751e8b465ee728b)  -> (artifact id: 'a1dcc5f13d61853f391cb8915294dda5') in 0.006818 seconds
  Import took 0.009317 seconds .

========================================================================
Received Import Request.
  Time since last request: 0.042727 seconds.
  path: Assets/Sci-Fi Styled Modular Pack/Textures/keyboard.png
  artifactKey: Guid(100fc9940c400c240b007aa43d269cc3) Importer(815301076,1909f56bfc062723c751e8b465ee728b)
Start importing Assets/Sci-Fi Styled Modular Pack/Textures/keyboard.png using Guid(100fc9940c400c240b007aa43d269cc3) Importer(815301076,1909f56bfc062723c751e8b465ee728b)  -> (artifact id: '68779d3676534d1a3c2622f0a8dfccfb') in 0.009797 seconds
  Import took 0.012479 seconds .

========================================================================
Received Import Request.
  Time since last request: 0.000237 seconds.
  path: Assets/Sci-Fi Styled Modular Pack/Textures/lattice-emision-mask.png
  artifactKey: Guid(a2439a5526984d64c804eae4d1d65b8a) Importer(815301076,1909f56bfc062723c751e8b465ee728b)
Start importing Assets/Sci-Fi Styled Modular Pack/Textures/lattice-emision-mask.png using Guid(a2439a5526984d64c804eae4d1d65b8a) Importer(815301076,1909f56bfc062723c751e8b465ee728b)  -> (artifact id: '40e78e05a0d1d98bac5acdd8910c91d6') in 0.006660 seconds
  Import took 0.008860 seconds .

========================================================================
Received Import Request.
  Time since last request: 0.023387 seconds.
  path: Assets/Sci-Fi Styled Modular Pack/Textures/lattice.png
  artifactKey: Guid(26d4d63e94c354a478b2fe05bb112302) Importer(815301076,1909f56bfc062723c751e8b465ee728b)
Start importing Assets/Sci-Fi Styled Modular Pack/Textures/lattice.png using Guid(26d4d63e94c354a478b2fe05bb112302) Importer(815301076,1909f56bfc062723c751e8b465ee728b)  -> (artifact id: '718b694e6e892685824b87f214d21fcc') in 0.008583 seconds
  Import took 0.011351 seconds .

========================================================================
Received Import Request.
  Time since last request: 0.000391 seconds.
  path: Assets/Sci-Fi Styled Modular Pack/Textures/mettalic.png
  artifactKey: Guid(5ef1ecb17b682174ebbeed9a9d7af166) Importer(815301076,1909f56bfc062723c751e8b465ee728b)
Start importing Assets/Sci-Fi Styled Modular Pack/Textures/mettalic.png using Guid(5ef1ecb17b682174ebbeed9a9d7af166) Importer(815301076,1909f56bfc062723c751e8b465ee728b)  -> (artifact id: '4c196ddab9569eab27d472e07b4a5ba2') in 0.010004 seconds
  Import took 0.013626 seconds .

========================================================================
Received Import Request.
  Time since last request: 0.345211 seconds.
  path: Assets/Sci-Fi Styled Modular Pack/Textures/nature_leaves.png
  artifactKey: Guid(144d5c35043c7f04193d57dc3c38bbcb) Importer(815301076,1909f56bfc062723c751e8b465ee728b)
Start importing Assets/Sci-Fi Styled Modular Pack/Textures/nature_leaves.png using Guid(144d5c35043c7f04193d57dc3c38bbcb) Importer(815301076,1909f56bfc062723c751e8b465ee728b)  -> (artifact id: '7f1c045aac6ad85b529e4859af8b71d9') in 0.014426 seconds
  Import took 0.017158 seconds .

========================================================================
Received Import Request.
  Time since last request: 0.000354 seconds.
  path: Assets/Sci-Fi Styled Modular Pack/Textures/projector_warning.png
  artifactKey: Guid(2e2333c960274e741a36e9f3cc903039) Importer(815301076,1909f56bfc062723c751e8b465ee728b)
Start importing Assets/Sci-Fi Styled Modular Pack/Textures/projector_warning.png using Guid(2e2333c960274e741a36e9f3cc903039) Importer(815301076,1909f56bfc062723c751e8b465ee728b)  -> (artifact id: 'e1568eedbb8ded93978d51887fbcc677') in 0.007694 seconds
  Import took 0.010740 seconds .

========================================================================
Received Import Request.
  Time since last request: 0.000337 seconds.
  path: Assets/Sci-Fi Styled Modular Pack/Textures/window_big.png
  artifactKey: Guid(52f89a41c5c9f1b4280ba2133f0bf7b0) Importer(815301076,1909f56bfc062723c751e8b465ee728b)
Start importing Assets/Sci-Fi Styled Modular Pack/Textures/window_big.png using Guid(52f89a41c5c9f1b4280ba2133f0bf7b0) Importer(815301076,1909f56bfc062723c751e8b465ee728b)  -> (artifact id: '3c06d357b0006fd27e30184c3887b16c') in 0.013956 seconds
  Import took 0.017168 seconds .

========================================================================
Received Import Request.
  Time since last request: 0.000313 seconds.
  path: Assets/Sci-Fi Styled Modular Pack/Textures/second-color.png
  artifactKey: Guid(35c79cc0b2e9d394faa8922409ffb64a) Importer(815301076,1909f56bfc062723c751e8b465ee728b)
Start importing Assets/Sci-Fi Styled Modular Pack/Textures/second-color.png using Guid(35c79cc0b2e9d394faa8922409ffb64a) Importer(815301076,1909f56bfc062723c751e8b465ee728b)  -> (artifact id: 'eea49306c02d79c31845a76d9c6f7709') in 0.009991 seconds
  Import took 0.012994 seconds .

========================================================================
Received Import Request.
  Time since last request: 0.000386 seconds.
  path: Assets/Sci-Fi Styled Modular Pack/Textures/window_big_emission_mask.png
  artifactKey: Guid(343596706f539db458d30dcc935523b4) Importer(815301076,1909f56bfc062723c751e8b465ee728b)
Start importing Assets/Sci-Fi Styled Modular Pack/Textures/window_big_emission_mask.png using Guid(343596706f539db458d30dcc935523b4) Importer(815301076,1909f56bfc062723c751e8b465ee728b)  -> (artifact id: '75c718d9eab4be7b2e3b3517d6085499') in 0.009537 seconds
  Import took 0.013588 seconds .

========================================================================
Received Import Request.
  Time since last request: 0.000330 seconds.
  path: Assets/Sci-Fi Styled Modular Pack/Textures/window_big_transparent_mask.png
  artifactKey: Guid(c4d2256bf54ca0948bc30a5cc74fb153) Importer(815301076,1909f56bfc062723c751e8b465ee728b)
Start importing Assets/Sci-Fi Styled Modular Pack/Textures/window_big_transparent_mask.png using Guid(c4d2256bf54ca0948bc30a5cc74fb153) Importer(815301076,1909f56bfc062723c751e8b465ee728b)  -> (artifact id: '0d36a120bebba14e7a8fd363f562896d') in 0.011173 seconds
  Import took 0.013890 seconds .

========================================================================
Received Import Request.
  Time since last request: 18.211686 seconds.
  path: Assets/Sci-Fi Styled Modular Pack/Example scenes
  artifactKey: Guid(c3044d2c539506749a9607c66c189c14) Importer(815301076,1909f56bfc062723c751e8b465ee728b)
Start importing Assets/Sci-Fi Styled Modular Pack/Example scenes using Guid(c3044d2c539506749a9607c66c189c14) Importer(815301076,1909f56bfc062723c751e8b465ee728b)  -> (artifact id: '3ab96575fd75e7542711419d63784775') in 0.003551 seconds
  Import took 0.006336 seconds .

========================================================================
Received Import Request.
  Time since last request: 4.144001 seconds.
  path: Assets/Sci-Fi Styled Modular Pack/Prefabs
  artifactKey: Guid(a54965f822af06343a5ffdf446f11783) Importer(815301076,1909f56bfc062723c751e8b465ee728b)
Start importing Assets/Sci-Fi Styled Modular Pack/Prefabs using Guid(a54965f822af06343a5ffdf446f11783) Importer(815301076,1909f56bfc062723c751e8b465ee728b)  -> (artifact id: '4fb66d55a370a8280129a24abb4eb73b') in 0.003439 seconds
  Import took 0.006210 seconds .

========================================================================
Received Import Request.
  Time since last request: 0.000578 seconds.
  path: Assets/Sci-Fi Styled Modular Pack/Prefabs
  artifactKey: Guid(a54965f822af06343a5ffdf446f11783) Importer(815301076,1909f56bfc062723c751e8b465ee728b)
Start importing Assets/Sci-Fi Styled Modular Pack/Prefabs using Guid(a54965f822af06343a5ffdf446f11783) Importer(815301076,1909f56bfc062723c751e8b465ee728b)  -> (artifact id: '4fb66d55a370a8280129a24abb4eb73b') in 0.002665 seconds
  Import took 0.005776 seconds .

========================================================================
Received Import Request.
  Time since last request: 3.683501 seconds.
  path: Assets/Sci-Fi Styled Modular Pack/Prefabs/Floors
  artifactKey: Guid(f5318563da884874182b4ef60d507b3a) Importer(815301076,1909f56bfc062723c751e8b465ee728b)
Start importing Assets/Sci-Fi Styled Modular Pack/Prefabs/Floors using Guid(f5318563da884874182b4ef60d507b3a) Importer(815301076,1909f56bfc062723c751e8b465ee728b)  -> (artifact id: '8c816261d32aaa67177efbae2772a385') in 0.003019 seconds
  Import took 0.006425 seconds .

========================================================================
Received Import Request.
  Time since last request: 0.000657 seconds.
  path: Assets/Sci-Fi Styled Modular Pack/Prefabs/Floors
  artifactKey: Guid(f5318563da884874182b4ef60d507b3a) Importer(815301076,1909f56bfc062723c751e8b465ee728b)
Start importing Assets/Sci-Fi Styled Modular Pack/Prefabs/Floors using Guid(f5318563da884874182b4ef60d507b3a) Importer(815301076,1909f56bfc062723c751e8b465ee728b)  -> (artifact id: '8c816261d32aaa67177efbae2772a385') in 0.002456 seconds
  Import took 0.005609 seconds .

========================================================================
Received Import Request.
  Time since last request: 0.073586 seconds.
  path: Assets/Sci-Fi Styled Modular Pack/Prefabs/Floors/floor_2_blank.prefab
  artifactKey: Guid(69b3d20c177508d43a1c6f09b448d3ea) Importer(815301076,1909f56bfc062723c751e8b465ee728b)
Start importing Assets/Sci-Fi Styled Modular Pack/Prefabs/Floors/floor_2_blank.prefab using Guid(69b3d20c177508d43a1c6f09b448d3ea) Importer(815301076,1909f56bfc062723c751e8b465ee728b)  -> (artifact id: 'ed432bcf410021f387728eabf9e99199') in 0.036145 seconds
  Import took 0.038616 seconds .

========================================================================
Received Import Request.
  Time since last request: 0.000284 seconds.
  path: Assets/Sci-Fi Styled Modular Pack/Prefabs/Floors/floor_5.prefab
  artifactKey: Guid(548a40efc092c6f408cc4d1691b171cc) Importer(815301076,1909f56bfc062723c751e8b465ee728b)
Start importing Assets/Sci-Fi Styled Modular Pack/Prefabs/Floors/floor_5.prefab using Guid(548a40efc092c6f408cc4d1691b171cc) Importer(815301076,1909f56bfc062723c751e8b465ee728b)  -> (artifact id: 'e3496af3d53bfa85cfe5d92ea9e33d61') in 0.259955 seconds
  Import took 0.262456 seconds .

========================================================================
Received Import Request.
  Time since last request: 0.000331 seconds.
  path: Assets/Sci-Fi Styled Modular Pack/Prefabs/Floors/floor_3_no_clamps.prefab
  artifactKey: Guid(d4c686e5f86722a409d1d35154c22d14) Importer(815301076,1909f56bfc062723c751e8b465ee728b)
Start importing Assets/Sci-Fi Styled Modular Pack/Prefabs/Floors/floor_3_no_clamps.prefab using Guid(d4c686e5f86722a409d1d35154c22d14) Importer(815301076,1909f56bfc062723c751e8b465ee728b)  -> (artifact id: '5e59d5f435674c7393331c010fd5457f') in 0.014975 seconds
  Import took 0.017254 seconds .

========================================================================
Received Import Request.
  Time since last request: 0.000368 seconds.
  path: Assets/Sci-Fi Styled Modular Pack/Prefabs/Floors/floor_3.prefab
  artifactKey: Guid(a185d2c8149cc7d45a8bc91951812dc1) Importer(815301076,1909f56bfc062723c751e8b465ee728b)
Start importing Assets/Sci-Fi Styled Modular Pack/Prefabs/Floors/floor_3.prefab using Guid(a185d2c8149cc7d45a8bc91951812dc1) Importer(815301076,1909f56bfc062723c751e8b465ee728b)  -> (artifact id: 'de2e6a6dff95c1c2db408c393f749915') in 0.019754 seconds
  Import took 0.023943 seconds .

========================================================================
Received Import Request.
  Time since last request: 0.000264 seconds.
  path: Assets/Sci-Fi Styled Modular Pack/Prefabs/Floors/floor_2_L.prefab
  artifactKey: Guid(5b3cc55650f95e34797ed0af9c57110a) Importer(815301076,1909f56bfc062723c751e8b465ee728b)
Start importing Assets/Sci-Fi Styled Modular Pack/Prefabs/Floors/floor_2_L.prefab using Guid(5b3cc55650f95e34797ed0af9c57110a) Importer(815301076,1909f56bfc062723c751e8b465ee728b)  -> (artifact id: '70b0bc20c57f1efb0aac03626ea71bbe') in 0.022151 seconds
  Import took 0.025586 seconds .

========================================================================
Received Import Request.
  Time since last request: 0.000363 seconds.
  path: Assets/Sci-Fi Styled Modular Pack/Prefabs/Floors/floor_6.prefab
  artifactKey: Guid(3845c7234a0ed4843ba4e38e2404f54d) Importer(815301076,1909f56bfc062723c751e8b465ee728b)
Start importing Assets/Sci-Fi Styled Modular Pack/Prefabs/Floors/floor_6.prefab using Guid(3845c7234a0ed4843ba4e38e2404f54d) Importer(815301076,1909f56bfc062723c751e8b465ee728b)  -> (artifact id: 'c33dcddf773c51912141919d979477bc') in 0.015138 seconds
  Import took 0.018115 seconds .

========================================================================
Received Import Request.
  Time since last request: 0.000314 seconds.
  path: Assets/Sci-Fi Styled Modular Pack/Prefabs/Floors/floor_2_no_lattice.prefab
  artifactKey: Guid(4e32615977c0a9f4688fa0d66b0a93e5) Importer(815301076,1909f56bfc062723c751e8b465ee728b)
Start importing Assets/Sci-Fi Styled Modular Pack/Prefabs/Floors/floor_2_no_lattice.prefab using Guid(4e32615977c0a9f4688fa0d66b0a93e5) Importer(815301076,1909f56bfc062723c751e8b465ee728b)  -> (artifact id: '5c5bd9cc7f31ab1298b5305737ba04e3') in 0.015275 seconds
  Import took 0.018679 seconds .

========================================================================
Received Import Request.
  Time since last request: 0.000358 seconds.
  path: Assets/Sci-Fi Styled Modular Pack/Prefabs/Floors/floor_4.prefab
  artifactKey: Guid(6c7bfc57a0f70db46b9b83dddca510e1) Importer(815301076,1909f56bfc062723c751e8b465ee728b)
Start importing Assets/Sci-Fi Styled Modular Pack/Prefabs/Floors/floor_4.prefab using Guid(6c7bfc57a0f70db46b9b83dddca510e1) Importer(815301076,1909f56bfc062723c751e8b465ee728b)  -> (artifact id: '58e6f19b868872b6f79568e2d741a11e') in 0.014650 seconds
  Import took 0.017981 seconds .

========================================================================
Received Prepare
Registering precompiled user dll's ...
Registered in 0.003452 seconds.
Begin MonoManager ReloadAssembly
Native extension for WindowsStandalone target not found
Refreshing native plugins compatible for Editor in 0.31 ms, found 2 plugins.
Preloading 0 native plugins for Editor in 0.00 ms.
Mono: successfully reloaded assembly
- Completed reload, in  0.802 seconds
Platform modules already initialized, skipping
Refreshing native plugins compatible for Editor in 0.30 ms, found 2 plugins.
Preloading 0 native plugins for Editor in 0.00 ms.
Unloading 1386 Unused Serialized files (Serialized files now loaded: 0)
System memory in use before: 69.2 MB.
System memory in use after: 69.2 MB.

Unloading 14 unused Assets to reduce memory usage. Loaded Objects now: 1843.
Total: 2.047800 ms (FindLiveObjects: 0.280300 ms CreateObjectMapping: 0.087900 ms MarkObjects: 1.600300 ms  DeleteObjects: 0.078200 ms)

AssetImportWorkerClient::OnTransportError - code=2 error=End of file
